<?xml version="1.0" encoding="UTF-8"?>
<testsuite name="Intermediate_01Test" tests="4" skipped="0" failures="0" errors="0" timestamp="2022-11-28T05:53:06" hostname="DESKTOP-2KRJOD4" time="0.061">
  <properties/>
  <testcase name="rightCheck()" classname="Intermediate_01Test" time="0.05"/>
  <testcase name="upCheck()" classname="Intermediate_01Test" time="0.002"/>
  <testcase name="downCheck()" classname="Intermediate_01Test" time="0.002"/>
  <testcase name="leftCheck()" classname="Intermediate_01Test" time="0.002"/>
  <system-out><![CDATA[]]></system-out>
  <system-err><![CDATA[]]></system-err>
</testsuite>
